---------------------------------------------------------------
[ 2020-04-30T10:08:43+08:00 ] 192.168.0.254 POST 192.168.0.254/api/Index/home
[ sql ] [ DB ] CONNECT:[ UseTime:0.010296s ] mysql:host=127.0.0.1;port=3306;dbname=yc_sys_base;charset=utf8
[ sql ] [ SQL ] SHOW COLUMNS FROM `sys_auth` [ RunTime:0.000948s ]
[ sql ] [ SQL ] SELECT * FROM `sys_auth` WHERE  `id` = 1 LIMIT 1 [ RunTime:0.000172s ]
[ sql ] [ SQL ] SHOW COLUMNS FROM `sys_menu` [ RunTime:0.000719s ]
[ sql ] [ SQL ] SELECT * FROM `sys_menu` [ RunTime:0.000118s ]
[ log ] 走的这里
[ log ] array (
  0 => 
  app\common\module\Menu::__set_state(array(
     'table' => 'sys_menu',
     'connection' => 
    array (
    ),
     'parent' => NULL,
     'query' => NULL,
     'name' => 'Menu',
     'class' => 'app\\common\\module\\Menu',
     'error' => NULL,
     'validate' => NULL,
     'pk' => NULL,
     'field' => 
    array (
    ),
     'except' => 
    array (
    ),
     'disuse' => 
    array (
    ),
     'readonly' => 
    array (
    ),
     'visible' => 
    array (
    ),
     'hidden' => 
    array (
    ),
     'append' => 
    array (
    ),
     'data' => 
    array (
      'menu_id' => 1,
      'menu_type' => 1,
      'menu_pid' => 0,
      'menu_upid' => 1,
      'menu_name' => '主页',
      'menu_path' => '/api/ceshi',
      'menu_remark' => '测试',
      'menu_status' => 1,
      'menu_addData' => 'new',
      'menu_addAdmin' => 'admins',
      'menu_editData' => 'new',
      'menu_editAdmin' => 'admins',
    ),
     'origin' => 
    array (
      'menu_id' => 1,
      'menu_type' => 1,
      'menu_pid' => 0,
      'menu_upid' => 1,
      'menu_name' => '主页',
      'menu_path' => '/api/ceshi',
      'menu_remark' => '测试',
      'menu_status' => 1,
      'menu_addData' => 'new',
      'menu_addAdmin' => 'admins',
      'menu_editData' => 'new',
      'menu_editAdmin' => 'admins',
    ),
     'relation' => 
    array (
    ),
     'auto' => 
    array (
    ),
     'insert' => 
    array (
    ),
     'update' => 
    array (
    ),
     'autoWriteTimestamp' => false,
     'createTime' => 'create_time',
     'updateTime' => 'update_time',
     'dateFormat' => 'Y-m-d H:i:s',
     'type' => 
    array (
    ),
     'isUpdate' => true,
     'replace' => false,
     'force' => false,
     'updateWhere' => NULL,
     'failException' => false,
     'useGlobalScope' => true,
     'batchValidate' => false,
     'resultSetType' => 'array',
     'relationWrite' => NULL,
  )),
  1 => 
  app\common\module\Menu::__set_state(array(
     'table' => 'sys_menu',
     'connection' => 
    array (
    ),
     'parent' => NULL,
     'query' => NULL,
     'name' => 'Menu',
     'class' => 'app\\common\\module\\Menu',
     'error' => NULL,
     'validate' => NULL,
     'pk' => NULL,
     'field' => 
    array (
    ),
     'except' => 
    array (
    ),
     'disuse' => 
    array (
    ),
     'readonly' => 
    array (
    ),
     'visible' => 
    array (
    ),
     'hidden' => 
    array (
    ),
     'append' => 
    array (
    ),
     'data' => 
    array (
      'menu_id' => 2,
      'menu_type' => 2,
      'menu_pid' => 1,
      'menu_upid' => 1,
      'menu_name' => '首页2',
      'menu_path' => '/api/ceshi2',
      'menu_remark' => '测试2',
      'menu_status' => 1,
      'menu_addData' => 'new',
      'menu_addAdmin' => 'admins',
      'menu_editData' => 'new',
      'menu_editAdmin' => 'admins',
    ),
     'origin' => 
    array (
      'menu_id' => 2,
      'menu_type' => 2,
      'menu_pid' => 1,
      'menu_upid' => 1,
      'menu_name' => '首页2',
      'menu_path' => '/api/ceshi2',
      'menu_remark' => '测试2',
      'menu_status' => 1,
      'menu_addData' => 'new',
      'menu_addAdmin' => 'admins',
      'menu_editData' => 'new',
      'menu_editAdmin' => 'admins',
    ),
     'relation' => 
    array (
    ),
     'auto' => 
    array (
    ),
     'insert' => 
    array (
    ),
     'update' => 
    array (
    ),
     'autoWriteTimestamp' => false,
     'createTime' => 'create_time',
     'updateTime' => 'update_time',
     'dateFormat' => 'Y-m-d H:i:s',
     'type' => 
    array (
    ),
     'isUpdate' => true,
     'replace' => false,
     'force' => false,
     'updateWhere' => NULL,
     'failException' => false,
     'useGlobalScope' => true,
     'batchValidate' => false,
     'resultSetType' => 'array',
     'relationWrite' => NULL,
  )),
)
---------------------------------------------------------------
[ 2020-04-30T10:12:56+08:00 ] 192.168.0.254 POST 192.168.0.254/api/User/login
[ sql ] [ DB ] CONNECT:[ UseTime:0.010677s ] mysql:host=127.0.0.1;port=3306;dbname=yc_sys_base;charset=utf8
[ sql ] [ SQL ] SHOW COLUMNS FROM `sys_user` [ RunTime:0.000530s ]
[ sql ] [ SQL ] SELECT * FROM `sys_user` WHERE  `user_name` = 'yiarce' LIMIT 1 [ RunTime:0.000205s ]
[ sql ] [ SQL ] SHOW COLUMNS FROM `sys_user_login` [ RunTime:0.000344s ]
[ sql ] [ SQL ] INSERT INTO `sys_user_login` (`user_id` , `lg_ip` , `lg_status` , `lg_addData` , `lg_device`) VALUES (1 , '192.168.0.254' , 201 , '1588212776' , 'ceshishebei') [ RunTime:0.024869s ]
---------------------------------------------------------------
[ 2020-04-30T10:13:29+08:00 ] 192.168.0.254 POST 192.168.0.254/api/User/login
[ sql ] [ DB ] CONNECT:[ UseTime:0.010743s ] mysql:host=127.0.0.1;port=3306;dbname=yc_sys_base;charset=utf8
[ sql ] [ SQL ] SHOW COLUMNS FROM `sys_user` [ RunTime:0.000656s ]
[ sql ] [ SQL ] SELECT * FROM `sys_user` WHERE  `user_name` = 'yiarce' LIMIT 1 [ RunTime:0.000254s ]
[ sql ] [ SQL ] SHOW COLUMNS FROM `sys_user_login` [ RunTime:0.000473s ]
[ sql ] [ SQL ] INSERT INTO `sys_user_login` (`user_id` , `lg_ip` , `lg_status` , `lg_addData` , `lg_device`) VALUES (1 , '192.168.0.254' , 201 , '1588212809' , 'ceshishebei') [ RunTime:0.027843s ]
---------------------------------------------------------------
[ 2020-04-30T10:14:42+08:00 ] 192.168.0.254 POST 192.168.0.254/api/Index/home
[ sql ] [ DB ] CONNECT:[ UseTime:0.009945s ] mysql:host=127.0.0.1;port=3306;dbname=yc_sys_base;charset=utf8
[ sql ] [ SQL ] SHOW COLUMNS FROM `sys_auth` [ RunTime:0.000950s ]
[ sql ] [ SQL ] SELECT * FROM `sys_auth` WHERE  `id` = 1 LIMIT 1 [ RunTime:0.000203s ]
[ sql ] [ SQL ] SHOW COLUMNS FROM `sys_menu` [ RunTime:0.000712s ]
[ sql ] [ SQL ] SELECT * FROM `sys_menu` [ RunTime:0.000145s ]
[ log ] 走的这里
[ log ] array (
  0 => 
  app\common\module\Menu::__set_state(array(
     'table' => 'sys_menu',
     'connection' => 
    array (
    ),
     'parent' => NULL,
     'query' => NULL,
     'name' => 'Menu',
     'class' => 'app\\common\\module\\Menu',
     'error' => NULL,
     'validate' => NULL,
     'pk' => NULL,
     'field' => 
    array (
    ),
     'except' => 
    array (
    ),
     'disuse' => 
    array (
    ),
     'readonly' => 
    array (
    ),
     'visible' => 
    array (
    ),
     'hidden' => 
    array (
    ),
     'append' => 
    array (
    ),
     'data' => 
    array (
      'menu_id' => 1,
      'menu_type' => 1,
      'menu_pid' => 0,
      'menu_upid' => 1,
      'menu_name' => '主页',
      'menu_path' => '/api/ceshi',
      'menu_remark' => '测试',
      'menu_status' => 1,
      'menu_addData' => 'new',
      'menu_addAdmin' => 'admins',
      'menu_editData' => 'new',
      'menu_editAdmin' => 'admins',
    ),
     'origin' => 
    array (
      'menu_id' => 1,
      'menu_type' => 1,
      'menu_pid' => 0,
      'menu_upid' => 1,
      'menu_name' => '主页',
      'menu_path' => '/api/ceshi',
      'menu_remark' => '测试',
      'menu_status' => 1,
      'menu_addData' => 'new',
      'menu_addAdmin' => 'admins',
      'menu_editData' => 'new',
      'menu_editAdmin' => 'admins',
    ),
     'relation' => 
    array (
    ),
     'auto' => 
    array (
    ),
     'insert' => 
    array (
    ),
     'update' => 
    array (
    ),
     'autoWriteTimestamp' => false,
     'createTime' => 'create_time',
     'updateTime' => 'update_time',
     'dateFormat' => 'Y-m-d H:i:s',
     'type' => 
    array (
    ),
     'isUpdate' => true,
     'replace' => false,
     'force' => false,
     'updateWhere' => NULL,
     'failException' => false,
     'useGlobalScope' => true,
     'batchValidate' => false,
     'resultSetType' => 'array',
     'relationWrite' => NULL,
  )),
  1 => 
  app\common\module\Menu::__set_state(array(
     'table' => 'sys_menu',
     'connection' => 
    array (
    ),
     'parent' => NULL,
     'query' => NULL,
     'name' => 'Menu',
     'class' => 'app\\common\\module\\Menu',
     'error' => NULL,
     'validate' => NULL,
     'pk' => NULL,
     'field' => 
    array (
    ),
     'except' => 
    array (
    ),
     'disuse' => 
    array (
    ),
     'readonly' => 
    array (
    ),
     'visible' => 
    array (
    ),
     'hidden' => 
    array (
    ),
     'append' => 
    array (
    ),
     'data' => 
    array (
      'menu_id' => 2,
      'menu_type' => 2,
      'menu_pid' => 1,
      'menu_upid' => 1,
      'menu_name' => '首页2',
      'menu_path' => '/api/ceshi2',
      'menu_remark' => '测试2',
      'menu_status' => 1,
      'menu_addData' => 'new',
      'menu_addAdmin' => 'admins',
      'menu_editData' => 'new',
      'menu_editAdmin' => 'admins',
    ),
     'origin' => 
    array (
      'menu_id' => 2,
      'menu_type' => 2,
      'menu_pid' => 1,
      'menu_upid' => 1,
      'menu_name' => '首页2',
      'menu_path' => '/api/ceshi2',
      'menu_remark' => '测试2',
      'menu_status' => 1,
      'menu_addData' => 'new',
      'menu_addAdmin' => 'admins',
      'menu_editData' => 'new',
      'menu_editAdmin' => 'admins',
    ),
     'relation' => 
    array (
    ),
     'auto' => 
    array (
    ),
     'insert' => 
    array (
    ),
     'update' => 
    array (
    ),
     'autoWriteTimestamp' => false,
     'createTime' => 'create_time',
     'updateTime' => 'update_time',
     'dateFormat' => 'Y-m-d H:i:s',
     'type' => 
    array (
    ),
     'isUpdate' => true,
     'replace' => false,
     'force' => false,
     'updateWhere' => NULL,
     'failException' => false,
     'useGlobalScope' => true,
     'batchValidate' => false,
     'resultSetType' => 'array',
     'relationWrite' => NULL,
  )),
)
---------------------------------------------------------------
[ 2020-04-30T10:15:05+08:00 ] 192.168.0.254 POST 192.168.0.254/api/Index/home
[ sql ] [ DB ] CONNECT:[ UseTime:0.000774s ] mysql:host=127.0.0.1;port=3306;dbname=yc_sys_base;charset=utf8
[ sql ] [ SQL ] SHOW COLUMNS FROM `sys_auth` [ RunTime:0.000430s ]
[ sql ] [ SQL ] SELECT * FROM `sys_auth` WHERE  `id` = 1 LIMIT 1 [ RunTime:0.000151s ]
[ sql ] [ SQL ] SHOW COLUMNS FROM `sys_menu` [ RunTime:0.000315s ]
[ sql ] [ SQL ] SELECT * FROM `sys_menu` [ RunTime:0.000109s ]
[ log ] 走的这里
[ log ] array (
  0 => 
  app\common\module\Menu::__set_state(array(
     'table' => 'sys_menu',
     'connection' => 
    array (
    ),
     'parent' => NULL,
     'query' => NULL,
     'name' => 'Menu',
     'class' => 'app\\common\\module\\Menu',
     'error' => NULL,
     'validate' => NULL,
     'pk' => NULL,
     'field' => 
    array (
    ),
     'except' => 
    array (
    ),
     'disuse' => 
    array (
    ),
     'readonly' => 
    array (
    ),
     'visible' => 
    array (
    ),
     'hidden' => 
    array (
    ),
     'append' => 
    array (
    ),
     'data' => 
    array (
      'menu_id' => 1,
      'menu_type' => 1,
      'menu_pid' => 0,
      'menu_upid' => 1,
      'menu_name' => '主页',
      'menu_path' => '/api/ceshi',
      'menu_remark' => '测试',
      'menu_status' => 1,
      'menu_addData' => 'new',
      'menu_addAdmin' => 'admins',
      'menu_editData' => 'new',
      'menu_editAdmin' => 'admins',
    ),
     'origin' => 
    array (
      'menu_id' => 1,
      'menu_type' => 1,
      'menu_pid' => 0,
      'menu_upid' => 1,
      'menu_name' => '主页',
      'menu_path' => '/api/ceshi',
      'menu_remark' => '测试',
      'menu_status' => 1,
      'menu_addData' => 'new',
      'menu_addAdmin' => 'admins',
      'menu_editData' => 'new',
      'menu_editAdmin' => 'admins',
    ),
     'relation' => 
    array (
    ),
     'auto' => 
    array (
    ),
     'insert' => 
    array (
    ),
     'update' => 
    array (
    ),
     'autoWriteTimestamp' => false,
     'createTime' => 'create_time',
     'updateTime' => 'update_time',
     'dateFormat' => 'Y-m-d H:i:s',
     'type' => 
    array (
    ),
     'isUpdate' => true,
     'replace' => false,
     'force' => false,
     'updateWhere' => NULL,
     'failException' => false,
     'useGlobalScope' => true,
     'batchValidate' => false,
     'resultSetType' => 'array',
     'relationWrite' => NULL,
  )),
  1 => 
  app\common\module\Menu::__set_state(array(
     'table' => 'sys_menu',
     'connection' => 
    array (
    ),
     'parent' => NULL,
     'query' => NULL,
     'name' => 'Menu',
     'class' => 'app\\common\\module\\Menu',
     'error' => NULL,
     'validate' => NULL,
     'pk' => NULL,
     'field' => 
    array (
    ),
     'except' => 
    array (
    ),
     'disuse' => 
    array (
    ),
     'readonly' => 
    array (
    ),
     'visible' => 
    array (
    ),
     'hidden' => 
    array (
    ),
     'append' => 
    array (
    ),
     'data' => 
    array (
      'menu_id' => 2,
      'menu_type' => 2,
      'menu_pid' => 1,
      'menu_upid' => 1,
      'menu_name' => '首页2',
      'menu_path' => '/api/ceshi2',
      'menu_remark' => '测试2',
      'menu_status' => 1,
      'menu_addData' => 'new',
      'menu_addAdmin' => 'admins',
      'menu_editData' => 'new',
      'menu_editAdmin' => 'admins',
    ),
     'origin' => 
    array (
      'menu_id' => 2,
      'menu_type' => 2,
      'menu_pid' => 1,
      'menu_upid' => 1,
      'menu_name' => '首页2',
      'menu_path' => '/api/ceshi2',
      'menu_remark' => '测试2',
      'menu_status' => 1,
      'menu_addData' => 'new',
      'menu_addAdmin' => 'admins',
      'menu_editData' => 'new',
      'menu_editAdmin' => 'admins',
    ),
     'relation' => 
    array (
    ),
     'auto' => 
    array (
    ),
     'insert' => 
    array (
    ),
     'update' => 
    array (
    ),
     'autoWriteTimestamp' => false,
     'createTime' => 'create_time',
     'updateTime' => 'update_time',
     'dateFormat' => 'Y-m-d H:i:s',
     'type' => 
    array (
    ),
     'isUpdate' => true,
     'replace' => false,
     'force' => false,
     'updateWhere' => NULL,
     'failException' => false,
     'useGlobalScope' => true,
     'batchValidate' => false,
     'resultSetType' => 'array',
     'relationWrite' => NULL,
  )),
)
---------------------------------------------------------------
[ 2020-04-30T10:15:06+08:00 ] 192.168.0.254 POST 192.168.0.254/api/Index/home
[ sql ] [ DB ] CONNECT:[ UseTime:0.011139s ] mysql:host=127.0.0.1;port=3306;dbname=yc_sys_base;charset=utf8
[ sql ] [ SQL ] SHOW COLUMNS FROM `sys_auth` [ RunTime:0.001123s ]
[ sql ] [ SQL ] SELECT * FROM `sys_auth` WHERE  `id` = 1 LIMIT 1 [ RunTime:0.000483s ]
[ sql ] [ SQL ] SHOW COLUMNS FROM `sys_menu` [ RunTime:0.000765s ]
[ sql ] [ SQL ] SELECT * FROM `sys_menu` [ RunTime:0.000329s ]
[ log ] 走的这里
[ log ] array (
  0 => 
  app\common\module\Menu::__set_state(array(
     'table' => 'sys_menu',
     'connection' => 
    array (
    ),
     'parent' => NULL,
     'query' => NULL,
     'name' => 'Menu',
     'class' => 'app\\common\\module\\Menu',
     'error' => NULL,
     'validate' => NULL,
     'pk' => NULL,
     'field' => 
    array (
    ),
     'except' => 
    array (
    ),
     'disuse' => 
    array (
    ),
     'readonly' => 
    array (
    ),
     'visible' => 
    array (
    ),
     'hidden' => 
    array (
    ),
     'append' => 
    array (
    ),
     'data' => 
    array (
      'menu_id' => 1,
      'menu_type' => 1,
      'menu_pid' => 0,
      'menu_upid' => 1,
      'menu_name' => '主页',
      'menu_path' => '/api/ceshi',
      'menu_remark' => '测试',
      'menu_status' => 1,
      'menu_addData' => 'new',
      'menu_addAdmin' => 'admins',
      'menu_editData' => 'new',
      'menu_editAdmin' => 'admins',
    ),
     'origin' => 
    array (
      'menu_id' => 1,
      'menu_type' => 1,
      'menu_pid' => 0,
      'menu_upid' => 1,
      'menu_name' => '主页',
      'menu_path' => '/api/ceshi',
      'menu_remark' => '测试',
      'menu_status' => 1,
      'menu_addData' => 'new',
      'menu_addAdmin' => 'admins',
      'menu_editData' => 'new',
      'menu_editAdmin' => 'admins',
    ),
     'relation' => 
    array (
    ),
     'auto' => 
    array (
    ),
     'insert' => 
    array (
    ),
     'update' => 
    array (
    ),
     'autoWriteTimestamp' => false,
     'createTime' => 'create_time',
     'updateTime' => 'update_time',
     'dateFormat' => 'Y-m-d H:i:s',
     'type' => 
    array (
    ),
     'isUpdate' => true,
     'replace' => false,
     'force' => false,
     'updateWhere' => NULL,
     'failException' => false,
     'useGlobalScope' => true,
     'batchValidate' => false,
     'resultSetType' => 'array',
     'relationWrite' => NULL,
  )),
  1 => 
  app\common\module\Menu::__set_state(array(
     'table' => 'sys_menu',
     'connection' => 
    array (
    ),
     'parent' => NULL,
     'query' => NULL,
     'name' => 'Menu',
     'class' => 'app\\common\\module\\Menu',
     'error' => NULL,
     'validate' => NULL,
     'pk' => NULL,
     'field' => 
    array (
    ),
     'except' => 
    array (
    ),
     'disuse' => 
    array (
    ),
     'readonly' => 
    array (
    ),
     'visible' => 
    array (
    ),
     'hidden' => 
    array (
    ),
     'append' => 
    array (
    ),
     'data' => 
    array (
      'menu_id' => 2,
      'menu_type' => 2,
      'menu_pid' => 1,
      'menu_upid' => 1,
      'menu_name' => '首页2',
      'menu_path' => '/api/ceshi2',
      'menu_remark' => '测试2',
      'menu_status' => 1,
      'menu_addData' => 'new',
      'menu_addAdmin' => 'admins',
      'menu_editData' => 'new',
      'menu_editAdmin' => 'admins',
    ),
     'origin' => 
    array (
      'menu_id' => 2,
      'menu_type' => 2,
      'menu_pid' => 1,
      'menu_upid' => 1,
      'menu_name' => '首页2',
      'menu_path' => '/api/ceshi2',
      'menu_remark' => '测试2',
      'menu_status' => 1,
      'menu_addData' => 'new',
      'menu_addAdmin' => 'admins',
      'menu_editData' => 'new',
      'menu_editAdmin' => 'admins',
    ),
     'relation' => 
    array (
    ),
     'auto' => 
    array (
    ),
     'insert' => 
    array (
    ),
     'update' => 
    array (
    ),
     'autoWriteTimestamp' => false,
     'createTime' => 'create_time',
     'updateTime' => 'update_time',
     'dateFormat' => 'Y-m-d H:i:s',
     'type' => 
    array (
    ),
     'isUpdate' => true,
     'replace' => false,
     'force' => false,
     'updateWhere' => NULL,
     'failException' => false,
     'useGlobalScope' => true,
     'batchValidate' => false,
     'resultSetType' => 'array',
     'relationWrite' => NULL,
  )),
)
